#
# A fatal error has been detected by the Java Runtime Environment:
#
#  SIGSEGV (0xb) at pc=0x000000010df4c594, pid=81922, tid=0x0000000000005103
#
# JRE version: Java(TM) SE Runtime Environment (8.0_101-b13) (build 1.8.0_101-b13)
# Java VM: Java HotSpot(TM) 64-Bit Server VM (25.101-b13 mixed mode bsd-amd64 compressed oops)
# Problematic frame:
# V  [libjvm.dylib+0x44c594]
#
# Failed to write core dump. Core dumps have been disabled. To enable core dumping, try "ulimit -c unlimited" before starting Java again
#
# If you would like to submit a bug report, please visit:
#   http://bugreport.java.com/bugreport/crash.jsp
#

---------------  T H R E A D  ---------------

Current thread (0x00007fe84b019800):  JavaThread "JDWP Transport Listener: dt_socket" daemon [_thread_in_vm, id=20739, stack(0x0000000122a48000,0x0000000122b48000)]

siginfo: si_signo: 11 (SIGSEGV), si_code: 1 (SEGV_MAPERR), si_addr: 0x0000000000000002

Registers:
RAX=0x0000000000000001, RBX=0x0000000122b47aab, RCX=0x000000010e31f360, RDX=0x0000000122b47aab
RSP=0x0000000122b479f0, RBP=0x0000000122b47a00, RSI=0x00007fe84b019800, RDI=0x0000000000000002
R8 =0x0000000000000000, R9 =0x00007fe84c000cf0, R10=0x0000000080fcd211, R11=0x00000000d887211c
R12=0x00007fe84b019800, R13=0x0000000000000002, R14=0x0000000000000002, R15=0x000000010da1a130
RIP=0x000000010df4c594, EFLAGS=0x0000000000010202, ERR=0x0000000000000004
  TRAPNO=0x000000000000000e

Top of Stack: (sp=0x0000000122b479f0)
0x0000000122b479f0:   0000000122b47aab 0000000122b47aab
0x0000000122b47a00:   0000000122b47a60 000000010de580d2
0x0000000122b47a10:   00007fe84b019800 0000000000000000
0x0000000122b47a20:   0000000000000000 0000000000000000
0x0000000122b47a30:   00007fe84b019800 00007fe84b019800
0x0000000122b47a40:   0000000122b47aab 0000000122b47ab0
0x0000000122b47a50:   0000000000000002 0000000000000002
0x0000000122b47a60:   0000000122b47a80 000000010ebf5780
0x0000000122b47a70:   0000000000000001 0000000122b47b28
0x0000000122b47a80:   0000000122b47af0 000000010ebda1f3
0x0000000122b47a90:   0000000122b47ac0 00007fe84c00a060
0x0000000122b47aa0:   0000000300000032 0000000100b47b28
0x0000000122b47ab0:   0000000000000000 0000000000000000
0x0000000122b47ac0:   0000000000000000 0000000122b47cb0
0x0000000122b47ad0:   000000010ebfce7a 000000010da29d80
0x0000000122b47ae0:   0000000122b47b28 000000010ec08598
0x0000000122b47af0:   0000000122b47b00 000000010ebda2ec
0x0000000122b47b00:   0000000122b47d20 000000010ebe3898
0x0000000122b47b10:   0000201300000013 00007fe84a0f0200
0x0000000122b47b20:   000000010da29940 0000000122b47bcf
0x0000000122b47b30:   00007fe8000000d5 0000000122b47b40
0x0000000122b47b40:   00007fe800000057 0000000122b47b78
0x0000000122b47b50:   0000000000000000 00007f0000000000
0x0000000122b47b60:   000020130000001c 00007fe80000bb80
0x0000000122b47b70:   0000000122b47b78 e87f000003000000
0x0000000122b47b80:   040000006855514a 160000006e69616d
0x0000000122b47b90:   2f6176616a4c5b28 7274532f676e616c
0x0000000122b47ba0:   000056293b676e69 0000090000000000
0x0000000122b47bb0:   00006055514ae87f 3e74696e693c0600
0x0000000122b47bc0:   0056292803000000 6f01000000000000
0x0000000122b47bd0:   010000004449556e 000000000000004a
0x0000000122b47be0:   1c634ae87f00001a 7265731600000070 

Instructions: (pc=0x000000010df4c594)
0x000000010df4c574:   40 48 48 85 c0 75 e0 30 c0 0f b6 c0 5d c3 31 c0
0x000000010df4c584:   5d c3 55 48 89 e5 53 48 83 ec 08 48 85 ff 74 24
0x000000010df4c594:   48 8b 1f 48 85 db 74 1c 48 83 fb 37 74 16 48 8b
0x000000010df4c5a4:   03 48 89 df ff 50 10 84 c0 b8 00 00 00 00 48 0f 

Register to memory mapping:

RAX=0x0000000000000001 is an unknown value
RBX=0x0000000122b47aab is pointing into the stack for thread: 0x00007fe84b019800
RCX=0x000000010e31f360: UseMembar+0 in /Library/Java/JavaVirtualMachines/jdk1.8.0_101.jdk/Contents/Home/jre/lib/server/libjvm.dylib at 0x000000010db00000
RDX=0x0000000122b47aab is pointing into the stack for thread: 0x00007fe84b019800
RSP=0x0000000122b479f0 is pointing into the stack for thread: 0x00007fe84b019800
RBP=0x0000000122b47a00 is pointing into the stack for thread: 0x00007fe84b019800
RSI=0x00007fe84b019800 is a thread
RDI=0x0000000000000002 is an unknown value
R8 =0x0000000000000000 is an unknown value
R9 =0x00007fe84c000cf0 is an unknown value
R10=0x0000000080fcd211 is an unknown value
R11=0x00000000d887211c is an unknown value
R12=0x00007fe84b019800 is a thread
R13=0x0000000000000002 is an unknown value
R14=0x0000000000000002 is an unknown value
R15=0x000000010da1a130 is an unknown value


Stack: [0x0000000122a48000,0x0000000122b48000],  sp=0x0000000122b479f0,  free space=1022k
Native frames: (J=compiled Java code, j=interpreted, Vv=VM code, C=native code)
V  [libjvm.dylib+0x44c594]
V  [libjvm.dylib+0x3580d2]
C  [libjdwp.dylib+0x20780]  isMethodSynthetic+0x63
C  [libjdwp.dylib+0x51f3]  methods1+0x10b
C  [libjdwp.dylib+0x52ec]  methodsWithGeneric+0xe
C  [libjdwp.dylib+0xe898]  debugLoop_run+0x1ce
C  [libjdwp.dylib+0x1f6ba]  attachThread+0x4d
V  [libjvm.dylib+0x399438]
V  [libjvm.dylib+0x5695ab]
V  [libjvm.dylib+0x56ac98]
V  [libjvm.dylib+0x48933a]
C  [libsystem_c.dylib+0x4e8bf]  _pthread_start+0x14f
C  [libsystem_c.dylib+0x51b75]  thread_start+0xd
C  0x0000000000000000


---------------  P R O C E S S  ---------------

Java Threads: ( => current thread )
  0x00007fe84b039800 JavaThread "Service Thread" daemon [_thread_blocked, id=23811, stack(0x000000012305a000,0x000000012315a000)]
  0x00007fe84b01e800 JavaThread "C1 CompilerThread2" daemon [_thread_blocked, id=23299, stack(0x0000000122f57000,0x0000000123057000)]
  0x00007fe84b01e000 JavaThread "C2 CompilerThread1" daemon [_thread_blocked, id=22787, stack(0x0000000122e54000,0x0000000122f54000)]
  0x00007fe84b01d000 JavaThread "C2 CompilerThread0" daemon [_thread_blocked, id=22275, stack(0x0000000122d51000,0x0000000122e51000)]
  0x00007fe84b01b800 JavaThread "JDWP Command Reader" daemon [_thread_in_native, id=21763, stack(0x0000000122c4e000,0x0000000122d4e000)]
  0x00007fe84b84e800 JavaThread "JDWP Event Helper Thread" daemon [_thread_blocked, id=21251, stack(0x0000000122b4b000,0x0000000122c4b000)]
=>0x00007fe84b019800 JavaThread "JDWP Transport Listener: dt_socket" daemon [_thread_in_vm, id=20739, stack(0x0000000122a48000,0x0000000122b48000)]
  0x00007fe84b844000 JavaThread "Signal Dispatcher" daemon [_thread_blocked, id=20227, stack(0x000000012293e000,0x0000000122a3e000)]
  0x00007fe84b018800 JavaThread "Finalizer" daemon [_thread_blocked, id=16131, stack(0x0000000122636000,0x0000000122736000)]
  0x00007fe84a843000 JavaThread "Reference Handler" daemon [_thread_blocked, id=15619, stack(0x0000000122533000,0x0000000122633000)]
  0x00007fe84a845800 JavaThread "main" [_thread_blocked, id=7683, stack(0x000000010ea9e000,0x000000010eb9e000)]

Other Threads:
  0x00007fe84b012000 VMThread [stack: 0x0000000122430000,0x0000000122530000] [id=15107]
  0x00007fe84b04a800 WatcherThread [stack: 0x000000012315d000,0x000000012325d000] [id=24323]

VM state:not at safepoint (normal execution)

VM Mutex/Monitor currently owned by a thread: None

Heap:
 PSYoungGen      total 18944K, used 1638K [0x00000007aab00000, 0x00000007ac000000, 0x00000007c0000000)
  eden space 16384K, 10% used [0x00000007aab00000,0x00000007aac99a20,0x00000007abb00000)
  from space 2560K, 0% used [0x00000007abd80000,0x00000007abd80000,0x00000007ac000000)
  to   space 2560K, 0% used [0x00000007abb00000,0x00000007abb00000,0x00000007abd80000)
 ParOldGen       total 44032K, used 0K [0x0000000780000000, 0x0000000782b00000, 0x00000007aab00000)
  object space 44032K, 0% used [0x0000000780000000,0x0000000780000000,0x0000000782b00000)
 Metaspace       used 2706K, capacity 4486K, committed 4864K, reserved 1056768K
  class space    used 291K, capacity 386K, committed 512K, reserved 1048576K

Card table byte_map: [0x000000011dfe9000,0x000000011e1ea000] byte_map_base: 0x000000011a3e9000

Marking Bits: (ParMarkBitMap*) 0x000000010e3edd20
 Begin Bits: [0x000000011e74c000, 0x000000011f74c000)
 End Bits:   [0x000000011f74c000, 0x000000012074c000)

Polling page: 0x000000010d9ec000

CodeCache: size=245760Kb used=1123Kb max_used=1123Kb free=244636Kb
 bounds [0x000000010ec29000, 0x000000010ee99000, 0x000000011dc29000]
 total_blobs=258 nmethods=36 adapters=145
 compilation: enabled

Compilation events (10 events):
Event: 0.252 Thread 0x00007fe84b01e800   32       1       java.lang.StringCoding$StringEncoder::requestedCharsetName (5 bytes)
Event: 0.252 Thread 0x00007fe84b01e800 nmethod 32 0x000000010ed40cd0 code [0x000000010ed40e20, 0x000000010ed40f30]
Event: 0.256 Thread 0x00007fe84b01e800   33       3       java.lang.CharacterDataLatin1::toLowerCase (39 bytes)
Event: 0.256 Thread 0x00007fe84b01e800 nmethod 33 0x000000010ed40f90 code [0x000000010ed41100, 0x000000010ed41390]
Event: 0.258 Thread 0x00007fe84b01e800   34       3       java.lang.AbstractStringBuilder::append (50 bytes)
Event: 0.258 Thread 0x00007fe84b01e800 nmethod 34 0x000000010ed41510 code [0x000000010ed416c0, 0x000000010ed41be8]
Event: 0.259 Thread 0x00007fe84b01e800   35       1       java.lang.String::length (6 bytes)
Event: 0.259 Thread 0x00007fe84b01e800 nmethod 35 0x000000010ed41dd0 code [0x000000010ed41f20, 0x000000010ed42030]
Event: 0.260 Thread 0x00007fe84b01e800   36       1       java.net.URL::getPath (5 bytes)
Event: 0.260 Thread 0x00007fe84b01e800 nmethod 36 0x000000010ed420d0 code [0x000000010ed42220, 0x000000010ed42330]

GC Heap History (0 events):
No events

Deoptimization events (0 events):
No events

Internal exceptions (10 events):
Event: 0.247 Thread 0x00007fe84a845800 Exception <a 'java/security/PrivilegedActionException'> (0x00000007aac4c728) thrown at [/HUDSON3/workspace/8-2-build-macosx-x86_64/jdk8u101/7261/hotspot/src/share/vm/prims/jvm.cpp, line 1386]
Event: 0.249 Thread 0x00007fe84a845800 Exception <a 'java/util/zip/ZipException'> (0x00000007aac4d4a8) thrown at [/HUDSON3/workspace/8-2-build-macosx-x86_64/jdk8u101/7261/hotspot/src/share/vm/prims/jni.cpp, line 709]
Event: 0.249 Thread 0x00007fe84a845800 Exception <a 'java/security/PrivilegedActionException'> (0x00000007aac4d6b0) thrown at [/HUDSON3/workspace/8-2-build-macosx-x86_64/jdk8u101/7261/hotspot/src/share/vm/prims/jvm.cpp, line 1386]
Event: 0.249 Thread 0x00007fe84a845800 Exception <a 'java/security/PrivilegedActionException'> (0x00000007aac4d8c0) thrown at [/HUDSON3/workspace/8-2-build-macosx-x86_64/jdk8u101/7261/hotspot/src/share/vm/prims/jvm.cpp, line 1386]
Event: 0.251 Thread 0x00007fe84a845800 Exception <a 'java/util/zip/ZipException'> (0x00000007aac4e660) thrown at [/HUDSON3/workspace/8-2-build-macosx-x86_64/jdk8u101/7261/hotspot/src/share/vm/prims/jni.cpp, line 709]
Event: 0.251 Thread 0x00007fe84a845800 Exception <a 'java/security/PrivilegedActionException'> (0x00000007aac4e868) thrown at [/HUDSON3/workspace/8-2-build-macosx-x86_64/jdk8u101/7261/hotspot/src/share/vm/prims/jvm.cpp, line 1386]
Event: 0.251 Thread 0x00007fe84a845800 Exception <a 'java/security/PrivilegedActionException'> (0x00000007aac4ea78) thrown at [/HUDSON3/workspace/8-2-build-macosx-x86_64/jdk8u101/7261/hotspot/src/share/vm/prims/jvm.cpp, line 1386]
Event: 0.255 Thread 0x00007fe84a845800 Exception <a 'java/util/zip/ZipException'> (0x00000007aac61590) thrown at [/HUDSON3/workspace/8-2-build-macosx-x86_64/jdk8u101/7261/hotspot/src/share/vm/prims/jni.cpp, line 709]
Event: 0.255 Thread 0x00007fe84a845800 Exception <a 'java/security/PrivilegedActionException'> (0x00000007aac61798) thrown at [/HUDSON3/workspace/8-2-build-macosx-x86_64/jdk8u101/7261/hotspot/src/share/vm/prims/jvm.cpp, line 1386]
Event: 0.255 Thread 0x00007fe84a845800 Exception <a 'java/security/PrivilegedActionException'> (0x00000007aac619a8) thrown at [/HUDSON3/workspace/8-2-build-macosx-x86_64/jdk8u101/7261/hotspot/src/share/vm/prims/jvm.cpp, line 1386]

Events (10 events):
Event: 4.841 loading class java/util/Arrays$ArrayList
Event: 4.841 loading class java/util/Arrays$ArrayList done
Event: 4.847 loading class java/util/AbstractList$Itr
Event: 4.847 loading class java/util/AbstractList$Itr done
Event: 4.866 Executing VM operation: GetOrSetLocal
Event: 4.866 Executing VM operation: GetOrSetLocal done
Event: 4.866 Executing VM operation: GetOrSetLocal
Event: 4.866 Executing VM operation: GetOrSetLocal done
Event: 453.290 Executing VM operation: RedefineClasses
Event: 453.315 Executing VM operation: RedefineClasses done


Dynamic libraries:
0x0000000005692000 	/System/Library/Frameworks/Cocoa.framework/Versions/A/Cocoa
0x0000000005692000 	/System/Library/Frameworks/Security.framework/Versions/A/Security
0x0000000005692000 	/System/Library/Frameworks/ApplicationServices.framework/Versions/A/ApplicationServices
0x0000000005692000 	/usr/lib/libz.1.dylib
0x0000000005692000 	/usr/lib/libSystem.B.dylib
0x0000000005692000 	/usr/lib/libobjc.A.dylib
0x0000000005692000 	/System/Library/Frameworks/CoreFoundation.framework/Versions/A/CoreFoundation
0x0000000005692000 	/System/Library/Frameworks/Foundation.framework/Versions/C/Foundation
0x0000000005692000 	/System/Library/Frameworks/AppKit.framework/Versions/C/AppKit
0x0000000005692000 	/System/Library/Frameworks/CoreData.framework/Versions/A/CoreData
0x0000000005692000 	/System/Library/PrivateFrameworks/RemoteViewServices.framework/Versions/A/RemoteViewServices
0x0000000005692000 	/System/Library/Frameworks/AudioToolbox.framework/Versions/A/AudioToolbox
0x0000000005692000 	/System/Library/Frameworks/AudioUnit.framework/Versions/A/AudioUnit
0x0000000005692000 	/System/Library/PrivateFrameworks/DataDetectorsCore.framework/Versions/A/DataDetectorsCore
0x0000000005692000 	/System/Library/PrivateFrameworks/DesktopServicesPriv.framework/Versions/A/DesktopServicesPriv
0x0000000005692000 	/System/Library/Frameworks/Carbon.framework/Versions/A/Frameworks/HIToolbox.framework/Versions/A/HIToolbox
0x0000000005692000 	/System/Library/Frameworks/QuartzCore.framework/Versions/A/QuartzCore
0x0000000005692000 	/System/Library/Frameworks/Carbon.framework/Versions/A/Frameworks/SpeechRecognition.framework/Versions/A/SpeechRecognition
0x0000000005692000 	/usr/lib/libauto.dylib
0x0000000005692000 	/usr/lib/libicucore.A.dylib
0x0000000005692000 	/usr/lib/libxml2.2.dylib
0x0000000005692000 	/System/Library/PrivateFrameworks/CoreUI.framework/Versions/A/CoreUI
0x0000000005692000 	/System/Library/Frameworks/CoreAudio.framework/Versions/A/CoreAudio
0x0000000005692000 	/System/Library/Frameworks/DiskArbitration.framework/Versions/A/DiskArbitration
0x0000000005692000 	/usr/lib/liblangid.dylib
0x0000000005692000 	/System/Library/PrivateFrameworks/MultitouchSupport.framework/Versions/A/MultitouchSupport
0x0000000005692000 	/System/Library/Frameworks/IOKit.framework/Versions/A/IOKit
0x0000000005692000 	/usr/lib/libDiagnosticMessagesClient.dylib
0x0000000005692000 	/System/Library/Frameworks/CoreServices.framework/Versions/A/CoreServices
0x0000000005692000 	/System/Library/PrivateFrameworks/PerformanceAnalysis.framework/Versions/A/PerformanceAnalysis
0x0000000005692000 	/System/Library/PrivateFrameworks/GenerationalStorage.framework/Versions/A/GenerationalStorage
0x0000000005692000 	/System/Library/Frameworks/OpenGL.framework/Versions/A/OpenGL
0x0000000005692000 	/System/Library/Frameworks/CoreServices.framework/Versions/A/Frameworks/CFNetwork.framework/Versions/A/CFNetwork
0x0000000005692000 	/System/Library/Frameworks/SystemConfiguration.framework/Versions/A/SystemConfiguration
0x0000000005692000 	/usr/lib/libCRFSuite.dylib
0x0000000005692000 	/usr/lib/libc++.1.dylib
0x0000000005692000 	/usr/lib/libstdc++.6.dylib
0x0000000005692000 	/usr/lib/libc++abi.dylib
0x0000000005692000 	/usr/lib/system/libcache.dylib
0x0000000005692000 	/usr/lib/system/libcommonCrypto.dylib
0x0000000005692000 	/usr/lib/system/libcompiler_rt.dylib
0x0000000005692000 	/usr/lib/system/libcopyfile.dylib
0x0000000005692000 	/usr/lib/system/libdispatch.dylib
0x0000000005692000 	/usr/lib/system/libdnsinfo.dylib
0x0000000005692000 	/usr/lib/system/libdyld.dylib
0x0000000005692000 	/usr/lib/system/libkeymgr.dylib
0x0000000005692000 	/usr/lib/system/liblaunch.dylib
0x0000000005692000 	/usr/lib/system/libmacho.dylib
0x0000000005692000 	/usr/lib/system/libmathCommon.A.dylib
0x0000000005692000 	/usr/lib/system/libquarantine.dylib
0x0000000005692000 	/usr/lib/system/libremovefile.dylib
0x0000000005692000 	/usr/lib/system/libsystem_blocks.dylib
0x0000000005692000 	/usr/lib/system/libsystem_c.dylib
0x0000000005692000 	/usr/lib/system/libsystem_dnssd.dylib
0x0000000005692000 	/usr/lib/system/libsystem_info.dylib
0x0000000005692000 	/usr/lib/system/libsystem_kernel.dylib
0x0000000005692000 	/usr/lib/system/libsystem_network.dylib
0x0000000005692000 	/usr/lib/system/libsystem_notify.dylib
0x0000000005692000 	/usr/lib/system/libsystem_sandbox.dylib
0x0000000005692000 	/usr/lib/system/libunc.dylib
0x0000000005692000 	/usr/lib/system/libunwind.dylib
0x0000000005692000 	/usr/lib/system/libxpc.dylib
0x0000000005692000 	/usr/lib/libbsm.0.dylib
0x0000000005692000 	/usr/lib/libsqlite3.dylib
0x0000000005692000 	/usr/lib/libOpenScriptingUtil.dylib
0x0000000005692000 	/usr/lib/libpam.2.dylib
0x0000000005692000 	/usr/lib/libxar-nossl.dylib
0x0000000005692000 	/usr/lib/libbz2.1.0.dylib
0x0000000005692000 	/System/Library/Frameworks/CoreServices.framework/Versions/A/Frameworks/CarbonCore.framework/Versions/A/CarbonCore
0x0000000005692000 	/System/Library/Frameworks/CoreServices.framework/Versions/A/Frameworks/Metadata.framework/Versions/A/Metadata
0x0000000005692000 	/System/Library/Frameworks/CoreServices.framework/Versions/A/Frameworks/OSServices.framework/Versions/A/OSServices
0x0000000005692000 	/System/Library/Frameworks/CoreServices.framework/Versions/A/Frameworks/SearchKit.framework/Versions/A/SearchKit
0x0000000005692000 	/System/Library/Frameworks/CoreServices.framework/Versions/A/Frameworks/AE.framework/Versions/A/AE
0x0000000005692000 	/System/Library/Frameworks/CoreServices.framework/Versions/A/Frameworks/LaunchServices.framework/Versions/A/LaunchServices
0x0000000005692000 	/System/Library/Frameworks/CoreServices.framework/Versions/A/Frameworks/DictionaryServices.framework/Versions/A/DictionaryServices
0x0000000005692000 	/System/Library/Frameworks/NetFS.framework/Versions/A/NetFS
0x0000000005692000 	/usr/lib/system/libkxld.dylib
0x0000000005692000 	/System/Library/PrivateFrameworks/NetAuth.framework/Versions/A/NetAuth
0x0000000005692000 	/usr/lib/libcrypto.0.9.8.dylib
0x0000000005692000 	/System/Library/PrivateFrameworks/TrustEvaluationAgent.framework/Versions/A/TrustEvaluationAgent
0x0000000005692000 	/System/Library/Frameworks/OpenDirectory.framework/Versions/A/Frameworks/CFOpenDirectory.framework/Versions/A/CFOpenDirectory
0x0000000005692000 	/usr/lib/libxslt.1.dylib
0x0000000005692000 	/System/Library/PrivateFrameworks/FamilyControls.framework/Versions/A/FamilyControls
0x0000000005692000 	/System/Library/Frameworks/Carbon.framework/Versions/A/Frameworks/Ink.framework/Versions/A/Ink
0x0000000005692000 	/System/Library/Frameworks/ApplicationServices.framework/Versions/A/Frameworks/CoreGraphics.framework/Versions/A/CoreGraphics
0x0000000005692000 	/System/Library/Frameworks/ApplicationServices.framework/Versions/A/Frameworks/ImageIO.framework/Versions/A/ImageIO
0x0000000005692000 	/System/Library/Frameworks/ApplicationServices.framework/Versions/A/Frameworks/CoreText.framework/Versions/A/CoreText
0x0000000005692000 	/System/Library/Frameworks/ApplicationServices.framework/Versions/A/Frameworks/ATS.framework/Versions/A/ATS
0x0000000005692000 	/System/Library/Frameworks/ApplicationServices.framework/Versions/A/Frameworks/ColorSync.framework/Versions/A/ColorSync
0x0000000005692000 	/System/Library/Frameworks/ApplicationServices.framework/Versions/A/Frameworks/HIServices.framework/Versions/A/HIServices
0x0000000005692000 	/System/Library/Frameworks/ApplicationServices.framework/Versions/A/Frameworks/LangAnalysis.framework/Versions/A/LangAnalysis
0x0000000005692000 	/System/Library/Frameworks/ApplicationServices.framework/Versions/A/Frameworks/PrintCore.framework/Versions/A/PrintCore
0x0000000005692000 	/System/Library/Frameworks/ApplicationServices.framework/Versions/A/Frameworks/QD.framework/Versions/A/QD
0x0000000005692000 	/System/Library/Frameworks/ApplicationServices.framework/Versions/A/Frameworks/SpeechSynthesis.framework/Versions/A/SpeechSynthesis
0x0000000005692000 	/System/Library/Frameworks/IOSurface.framework/Versions/A/IOSurface
0x0000000005692000 	/System/Library/Frameworks/Accelerate.framework/Versions/A/Accelerate
0x0000000005692000 	/System/Library/Frameworks/ApplicationServices.framework/Versions/A/Frameworks/ImageIO.framework/Versions/A/Resources/libJPEG.dylib
0x0000000005692000 	/System/Library/Frameworks/ApplicationServices.framework/Versions/A/Frameworks/ImageIO.framework/Versions/A/Resources/libTIFF.dylib
0x0000000005692000 	/System/Library/Frameworks/ApplicationServices.framework/Versions/A/Frameworks/ImageIO.framework/Versions/A/Resources/libPng.dylib
0x0000000005692000 	/System/Library/Frameworks/ApplicationServices.framework/Versions/A/Frameworks/ImageIO.framework/Versions/A/Resources/libGIF.dylib
0x0000000005692000 	/System/Library/Frameworks/ApplicationServices.framework/Versions/A/Frameworks/ImageIO.framework/Versions/A/Resources/libJP2.dylib
0x0000000005692000 	/System/Library/Frameworks/ApplicationServices.framework/Versions/A/Frameworks/ImageIO.framework/Versions/A/Resources/libRadiance.dylib
0x0000000005692000 	/System/Library/Frameworks/Accelerate.framework/Versions/A/Frameworks/vImage.framework/Versions/A/vImage
0x0000000005692000 	/System/Library/Frameworks/Accelerate.framework/Versions/A/Frameworks/vecLib.framework/Versions/A/vecLib
0x0000000005692000 	/System/Library/Frameworks/Accelerate.framework/Versions/A/Frameworks/vecLib.framework/Versions/A/libvDSP.dylib
0x0000000005692000 	/System/Library/Frameworks/Accelerate.framework/Versions/A/Frameworks/vecLib.framework/Versions/A/libvMisc.dylib
0x0000000005692000 	/System/Library/Frameworks/Accelerate.framework/Versions/A/Frameworks/vecLib.framework/Versions/A/libLAPACK.dylib
0x0000000005692000 	/System/Library/Frameworks/Accelerate.framework/Versions/A/Frameworks/vecLib.framework/Versions/A/libBLAS.dylib
0x0000000005692000 	/System/Library/Frameworks/ApplicationServices.framework/Versions/A/Frameworks/ATS.framework/Versions/A/Resources/libFontParser.dylib
0x0000000005692000 	/System/Library/Frameworks/ApplicationServices.framework/Versions/A/Frameworks/ATS.framework/Versions/A/Resources/libFontRegistry.dylib
0x0000000005692000 	/usr/lib/libcups.2.dylib
0x0000000005692000 	/System/Library/Frameworks/Kerberos.framework/Versions/A/Kerberos
0x0000000005692000 	/System/Library/Frameworks/GSS.framework/Versions/A/GSS
0x0000000005692000 	/usr/lib/libresolv.9.dylib
0x0000000005692000 	/usr/lib/libiconv.2.dylib
0x0000000005692000 	/System/Library/PrivateFrameworks/Heimdal.framework/Versions/A/Heimdal
0x0000000005692000 	/System/Library/Frameworks/OpenDirectory.framework/Versions/A/OpenDirectory
0x0000000005692000 	/System/Library/PrivateFrameworks/CommonAuth.framework/Versions/A/CommonAuth
0x0000000005692000 	/System/Library/Frameworks/CoreVideo.framework/Versions/A/CoreVideo
0x0000000005692000 	/System/Library/Frameworks/QuartzCore.framework/Versions/A/Frameworks/CoreImage.framework/Versions/A/CoreImage
0x0000000005692000 	/System/Library/Frameworks/QuartzCore.framework/Versions/A/Frameworks/ScalableUserInterface.framework/Versions/A/ScalableUserInterface
0x0000000005692000 	/System/Library/Frameworks/OpenGL.framework/Versions/A/Libraries/libGLU.dylib
0x0000000005692000 	/System/Library/Frameworks/OpenGL.framework/Versions/A/Libraries/libGFXShared.dylib
0x0000000005692000 	/System/Library/Frameworks/OpenGL.framework/Versions/A/Libraries/libGL.dylib
0x0000000005692000 	/System/Library/Frameworks/OpenGL.framework/Versions/A/Libraries/libGLImage.dylib
0x0000000005692000 	/System/Library/Frameworks/OpenGL.framework/Versions/A/Libraries/libCVMSPluginSupport.dylib
0x0000000005692000 	/System/Library/Frameworks/OpenGL.framework/Versions/A/Libraries/libCoreVMClient.dylib
0x0000000005692000 	/System/Library/Frameworks/OpenCL.framework/Versions/A/OpenCL
0x0000000005692000 	/System/Library/PrivateFrameworks/FaceCoreLight.framework/Versions/A/FaceCoreLight
0x0000000005692000 	/System/Library/Frameworks/vecLib.framework/Versions/A/vecLib
0x0000000005692000 	/System/Library/Frameworks/SecurityFoundation.framework/Versions/A/SecurityFoundation
0x0000000005692000 	/System/Library/PrivateFrameworks/CommerceKit.framework/Versions/A/Frameworks/CommerceCore.framework/Versions/A/CommerceCore
0x0000000005692000 	/System/Library/PrivateFrameworks/CoreSymbolication.framework/Versions/A/CoreSymbolication
0x0000000005692000 	/System/Library/PrivateFrameworks/Symbolication.framework/Versions/A/Symbolication
0x0000000005692000 	/System/Library/PrivateFrameworks/DebugSymbols.framework/Versions/A/DebugSymbols
0x000000010db00000 	/Library/Java/JavaVirtualMachines/jdk1.8.0_101.jdk/Contents/Home/jre/lib/server/libjvm.dylib
0x000000010d9de000 	/Library/Java/JavaVirtualMachines/jdk1.8.0_101.jdk/Contents/Home/jre/lib/libverify.dylib
0x000000010eba0000 	/Library/Java/JavaVirtualMachines/jdk1.8.0_101.jdk/Contents/Home/jre/lib/libjava.dylib
0x000000010ebd5000 	/Library/Java/JavaVirtualMachines/jdk1.8.0_101.jdk/Contents/Home/jre/lib/libjdwp.dylib
0x000000010d9ed000 	/Library/Java/JavaVirtualMachines/jdk1.8.0_101.jdk/Contents/Home/jre/lib/libnpt.dylib
0x000000010ec20000 	/Library/Java/JavaVirtualMachines/jdk1.8.0_101.jdk/Contents/Home/jre/lib/libzip.dylib
0x0000000122738000 	/System/Library/Frameworks/JavaVM.framework/Frameworks/JavaRuntimeSupport.framework/JavaRuntimeSupport
0x0000000122750000 	/System/Library/Frameworks/JavaVM.framework/Versions/A/Frameworks/JavaNativeFoundation.framework/Versions/A/JavaNativeFoundation
0x0000000122765000 	/System/Library/Frameworks/JavaVM.framework/Versions/A/JavaVM
0x0000000005692000 	/System/Library/Frameworks/Carbon.framework/Versions/A/Carbon
0x0000000122772000 	/System/Library/PrivateFrameworks/JavaLaunching.framework/Versions/A/JavaLaunching
0x0000000005692000 	/System/Library/Frameworks/Carbon.framework/Versions/A/Frameworks/CommonPanels.framework/Versions/A/CommonPanels
0x0000000005692000 	/System/Library/Frameworks/Carbon.framework/Versions/A/Frameworks/Help.framework/Versions/A/Help
0x0000000005692000 	/System/Library/Frameworks/Carbon.framework/Versions/A/Frameworks/ImageCapture.framework/Versions/A/ImageCapture
0x0000000005692000 	/System/Library/Frameworks/Carbon.framework/Versions/A/Frameworks/OpenScripting.framework/Versions/A/OpenScripting
0x0000000005692000 	/System/Library/Frameworks/Carbon.framework/Versions/A/Frameworks/Print.framework/Versions/A/Print
0x0000000005692000 	/System/Library/Frameworks/Carbon.framework/Versions/A/Frameworks/SecurityHI.framework/Versions/A/SecurityHI
0x0000000122a40000 	/Library/Java/JavaVirtualMachines/jdk1.8.0_101.jdk/Contents/Home/jre/lib/libdt_socket.dylib

VM Arguments:
jvm_args: -agentlib:jdwp=transport=dt_socket,suspend=y,address=localhost:64721 -Dfile.encoding=UTF-8 
java_command: common.WordPath test hello last
java_class_path (initial): /Users/take3aspirin/Documents/workspace/CS351_Lab1/bin
Launcher Type: SUN_STANDARD

Environment Variables:
PATH=/usr/bin:/bin:/usr/sbin:/sbin
SHELL=/bin/bash
DISPLAY=/tmp/launch-ClfGqJ/org.x:0

Signal Handlers:
SIGSEGV: [libjvm.dylib+0x5af145], sa_mask[0]=11111111011111110111111111111111, sa_flags=SA_ONSTACK|SA_RESTART|SA_SIGINFO
SIGBUS: [libjvm.dylib+0x5af145], sa_mask[0]=11111111011111110111111111111111, sa_flags=SA_RESTART|SA_SIGINFO
SIGFPE: [libjvm.dylib+0x48694c], sa_mask[0]=11111111011111110111111111111111, sa_flags=SA_RESTART|SA_SIGINFO
SIGPIPE: [libjvm.dylib+0x48694c], sa_mask[0]=11111111011111110111111111111111, sa_flags=SA_RESTART|SA_SIGINFO
SIGXFSZ: [libjvm.dylib+0x48694c], sa_mask[0]=11111111011111110111111111111111, sa_flags=SA_RESTART|SA_SIGINFO
SIGILL: [libjvm.dylib+0x48694c], sa_mask[0]=11111111011111110111111111111111, sa_flags=SA_RESTART|SA_SIGINFO
SIGUSR1: SIG_DFL, sa_mask[0]=00000000000000000000000000000000, sa_flags=SA_RESTART
SIGUSR2: [libjvm.dylib+0x48646a], sa_mask[0]=00100000000000000000000000000000, sa_flags=SA_RESTART|SA_SIGINFO
SIGHUP: [libjvm.dylib+0x484a41], sa_mask[0]=11111111011111110111111111111111, sa_flags=SA_RESTART|SA_SIGINFO
SIGINT: [libjvm.dylib+0x484a41], sa_mask[0]=11111111011111110111111111111111, sa_flags=SA_RESTART|SA_SIGINFO
SIGTERM: [libjvm.dylib+0x484a41], sa_mask[0]=11111111011111110111111111111111, sa_flags=SA_RESTART|SA_SIGINFO
SIGQUIT: [libjvm.dylib+0x484a41], sa_mask[0]=11111111011111110111111111111111, sa_flags=SA_RESTART|SA_SIGINFO


---------------  S Y S T E M  ---------------

OS:Bsduname:Darwin 11.4.2 Darwin Kernel Version 11.4.2: Thu Aug 23 16:25:48 PDT 2012; root:xnu-1699.32.7~1/RELEASE_X86_64 x86_64
rlimit: STACK 8192k, CORE 0k, NPROC 709, NOFILE 10240, AS infinity
load average:0.69 0.69 0.64

CPU:total 4 (2 cores per cpu, 2 threads per core) family 6 model 42 stepping 7, cmov, cx8, fxsr, mmx, sse, sse2, sse3, ssse3, sse4.1, sse4.2, popcnt, avx, aes, clmul, ht, tsc, tscinvbit

Memory: 4k page, physical 4194304k(296544k free)

/proc/meminfo:


vm_info: Java HotSpot(TM) 64-Bit Server VM (25.101-b13) for bsd-amd64 JRE (1.8.0_101-b13), built on Jun 22 2016 02:42:15 by "java_re" with gcc 4.2.1 (Based on Apple Inc. build 5658) (LLVM build 2336.11.00)

time: Thu Aug 25 07:38:43 2016
elapsed time: 453 seconds (0d 0h 7m 33s)

